Determining if the pthread_create exist failed with the following output:
Change Dir: /root/liandao/build/CMakeFiles/CMakeTmp

Run Build Command:"/usr/bin/gmake" "cmTC_03952/fast"
/usr/bin/gmake -f CMakeFiles/cmTC_03952.dir/build.make CMakeFiles/cmTC_03952.dir/build
gmake[1]: Entering directory `/root/liandao/build/CMakeFiles/CMakeTmp'
Building C object CMakeFiles/cmTC_03952.dir/CheckSymbolExists.c.o
/usr/bin/cc    -o CMakeFiles/cmTC_03952.dir/CheckSymbolExists.c.o   -c /root/liandao/build/CMakeFiles/CMakeTmp/CheckSymbolExists.c
Linking C executable cmTC_03952
/usr/bin/cmake -E cmake_link_script CMakeFiles/cmTC_03952.dir/link.txt --verbose=1
/usr/bin/cc      CMakeFiles/cmTC_03952.dir/CheckSymbolExists.c.o  -o cmTC_03952 
CMakeFiles/cmTC_03952.dir/CheckSymbolExists.c.o: In function `main':
CheckSymbolExists.c:(.text+0x16): undefined reference to `pthread_create'
collect2: error: ld returned 1 exit status
gmake[1]: *** [cmTC_03952] Error 1
gmake[1]: Leaving directory `/root/liandao/build/CMakeFiles/CMakeTmp'
gmake: *** [cmTC_03952/fast] Error 2

File /root/liandao/build/CMakeFiles/CMakeTmp/CheckSymbolExists.c:
/* */
#include <pthread.h>

int main(int argc, char** argv)
{
  (void)argv;
#ifndef pthread_create
  return ((int*)(&pthread_create))[argc];
#else
  (void)argc;
  return 0;
#endif
}

Determining if the function pthread_create exists in the pthreads failed with the following output:
Change Dir: /root/liandao/build/CMakeFiles/CMakeTmp

Run Build Command:"/usr/bin/gmake" "cmTC_0c31d/fast"
/usr/bin/gmake -f CMakeFiles/cmTC_0c31d.dir/build.make CMakeFiles/cmTC_0c31d.dir/build
gmake[1]: Entering directory `/root/liandao/build/CMakeFiles/CMakeTmp'
Building C object CMakeFiles/cmTC_0c31d.dir/CheckFunctionExists.c.o
/usr/bin/cc   -DCHECK_FUNCTION_EXISTS=pthread_create   -o CMakeFiles/cmTC_0c31d.dir/CheckFunctionExists.c.o   -c /usr/share/cmake-3.8/Modules/CheckFunctionExists.c
Linking C executable cmTC_0c31d
/usr/bin/cmake -E cmake_link_script CMakeFiles/cmTC_0c31d.dir/link.txt --verbose=1
/usr/bin/cc  -DCHECK_FUNCTION_EXISTS=pthread_create    CMakeFiles/cmTC_0c31d.dir/CheckFunctionExists.c.o  -o cmTC_0c31d -lpthreads 
/usr/bin/ld: cannot find -lpthreads
collect2: error: ld returned 1 exit status
gmake[1]: *** [cmTC_0c31d] Error 1
gmake[1]: Leaving directory `/root/liandao/build/CMakeFiles/CMakeTmp'
gmake: *** [cmTC_0c31d/fast] Error 2


